{"/Users/mozartted/Projects/Work/Legobox/cryptoDeck/env.js": {"path":"/Users/mozartted/Projects/Work/Legobox/cryptoDeck/env.js","statementMap":{"0":{"start":{"line":1,"column":13},"end":{"line":1,"column":75}},"1":{"start":{"line":1,"column":75},"end":{"line":1,"column":140}},"2":{"start":{"line":1,"column":154},"end":{"line":1,"column":192}},"3":{"start":{"line":1,"column":193},"end":{"line":1,"column":219}},"4":{"start":{"line":2,"column":15},"end":{"line":2,"column":50}},"5":{"start":{"line":2,"column":51},"end":{"line":2,"column":79}},"6":{"start":{"line":3,"column":17},"end":{"line":3,"column":19}},"7":{"start":{"line":3,"column":20},"end":{"line":3,"column":52}}},"fnMap":{},"branchMap":{},"s":{"0":1,"1":1,"2":1,"3":1,"4":1,"5":1,"6":1,"7":1},"f":{},"b":{},"_coverageSchema":"43e27e138ebf9cfc5966b082cf9a028302ed4184","hash":"fbf320ed6738e2fa4f1baccac28d4a9cac6389f0"}
,"/Users/mozartted/Projects/Work/Legobox/cryptoDeck/src/modules/dashboard/views/components/CoinSlider.js": {"path":"/Users/mozartted/Projects/Work/Legobox/cryptoDeck/src/modules/dashboard/views/components/CoinSlider.js","statementMap":{"0":{"start":{"line":1,"column":42},"end":{"line":1,"column":97}},"1":{"start":{"line":1,"column":128},"end":{"line":1,"column":184}},"2":{"start":{"line":1,"column":185},"end":{"line":1,"column":247}},"3":{"start":{"line":1,"column":247},"end":{"line":1,"column":272}},"4":{"start":{"line":1,"column":295},"end":{"line":1,"column":367}},"5":{"start":{"line":1,"column":388},"end":{"line":1,"column":457}},"6":{"start":{"line":1,"column":492},"end":{"line":1,"column":575}},"7":{"start":{"line":1,"column":599},"end":{"line":1,"column":671}},"8":{"start":{"line":1,"column":689},"end":{"line":1,"column":755}},"9":{"start":{"line":1,"column":769},"end":{"line":1,"column":810}},"10":{"start":{"line":2,"column":19},"end":{"line":2,"column":42}},"11":{"start":{"line":11,"column":18},"end":{"line":11,"column":40}},"12":{"start":{"line":11,"column":60},"end":{"line":11,"column":164}},"13":{"start":{"line":12,"column":0},"end":{"line":12,"column":37}},"14":{"start":{"line":12,"column":47},"end":{"line":12,"column":69}},"15":{"start":{"line":12,"column":78},"end":{"line":12,"column":99}},"16":{"start":{"line":15,"column":0},"end":{"line":18,"column":32}},"17":{"start":{"line":20,"column":19},"end":{"line":20,"column":91}},"18":{"start":{"line":23,"column":26},"end":{"line":57,"column":208}},"19":{"start":{"line":23,"column":63},"end":{"line":57,"column":207}},"20":{"start":{"line":25,"column":8},"end":{"line":25,"column":35}},"21":{"start":{"line":65,"column":22},"end":{"line":127,"column":56}},"22":{"start":{"line":65,"column":45},"end":{"line":65,"column":102}},"23":{"start":{"line":65,"column":165},"end":{"line":65,"column":222}},"24":{"start":{"line":65,"column":222},"end":{"line":65,"column":342}},"25":{"start":{"line":65,"column":238},"end":{"line":65,"column":254}},"26":{"start":{"line":65,"column":263},"end":{"line":65,"column":278}},"27":{"start":{"line":65,"column":287},"end":{"line":65,"column":288}},"28":{"start":{"line":65,"column":312},"end":{"line":65,"column":341}},"29":{"start":{"line":65,"column":342},"end":{"line":65,"column":520}},"30":{"start":{"line":65,"column":520},"end":{"line":69,"column":23}},"31":{"start":{"line":69,"column":23},"end":{"line":72,"column":69}},"32":{"start":{"line":72,"column":43},"end":{"line":72,"column":67}},"33":{"start":{"line":72,"column":69},"end":{"line":75,"column":69}},"34":{"start":{"line":74,"column":33},"end":{"line":75,"column":67}},"35":{"start":{"line":75,"column":69},"end":{"line":84,"column":6}},"36":{"start":{"line":78,"column":19},"end":{"line":78,"column":48}},"37":{"start":{"line":79,"column":21},"end":{"line":79,"column":79}},"38":{"start":{"line":80,"column":6},"end":{"line":82,"column":7}},"39":{"start":{"line":81,"column":8},"end":{"line":81,"column":15}},"40":{"start":{"line":83,"column":6},"end":{"line":83,"column":48}},"41":{"start":{"line":84,"column":6},"end":{"line":91,"column":6}},"42":{"start":{"line":87,"column":6},"end":{"line":87,"column":47}},"43":{"start":{"line":88,"column":6},"end":{"line":89,"column":67}},"44":{"start":{"line":91,"column":6},"end":{"line":95,"column":6}},"45":{"start":{"line":95,"column":6},"end":{"line":100,"column":99}},"46":{"start":{"line":96,"column":45},"end":{"line":96,"column":54}},"47":{"start":{"line":96,"column":63},"end":{"line":96,"column":73}},"48":{"start":{"line":96,"column":74},"end":{"line":100,"column":97}},"49":{"start":{"line":100,"column":99},"end":{"line":100,"column":112}},"50":{"start":{"line":100,"column":113},"end":{"line":127,"column":10}},"51":{"start":{"line":103,"column":18},"end":{"line":103,"column":22}},"52":{"start":{"line":104,"column":6},"end":{"line":104,"column":43}},"53":{"start":{"line":104,"column":52},"end":{"line":104,"column":74}},"54":{"start":{"line":104,"column":84},"end":{"line":104,"column":107}},"55":{"start":{"line":105,"column":6},"end":{"line":123,"column":108}},"56":{"start":{"line":108,"column":36},"end":{"line":108,"column":67}},"57":{"start":{"line":119,"column":12},"end":{"line":119,"column":70}},"58":{"start":{"line":127,"column":10},"end":{"line":127,"column":37}},"59":{"start":{"line":127,"column":57},"end":{"line":127,"column":95}},"60":{"start":{"line":130,"column":13},"end":{"line":130,"column":47}}},"fnMap":{"0":{"name":"SingleCoinComponent","decl":{"start":{"line":23,"column":35},"end":{"line":23,"column":54}},"loc":{"start":{"line":23,"column":62},"end":{"line":57,"column":208}},"line":23},"1":{"name":"onPress","decl":{"start":{"line":24,"column":84},"end":{"line":24,"column":91}},"loc":{"start":{"line":24,"column":94},"end":{"line":26,"column":7}},"line":24},"2":{"name":"(anonymous_2)","decl":{"start":{"line":65,"column":22},"end":{"line":65,"column":23}},"loc":{"start":{"line":65,"column":44},"end":{"line":127,"column":38}},"line":65},"3":{"name":"CoinSliderComponent","decl":{"start":{"line":65,"column":111},"end":{"line":65,"column":130}},"loc":{"start":{"line":65,"column":133},"end":{"line":100,"column":113}},"line":65},"4":{"name":"(anonymous_4)","decl":{"start":{"line":72,"column":19},"end":{"line":72,"column":20}},"loc":{"start":{"line":72,"column":42},"end":{"line":72,"column":68}},"line":72},"5":{"name":"(anonymous_5)","decl":{"start":{"line":74,"column":19},"end":{"line":74,"column":20}},"loc":{"start":{"line":74,"column":32},"end":{"line":75,"column":68}},"line":74},"6":{"name":"(anonymous_6)","decl":{"start":{"line":77,"column":26},"end":{"line":77,"column":27}},"loc":{"start":{"line":77,"column":39},"end":{"line":84,"column":5}},"line":77},"7":{"name":"(anonymous_7)","decl":{"start":{"line":86,"column":16},"end":{"line":86,"column":17}},"loc":{"start":{"line":86,"column":35},"end":{"line":91,"column":5}},"line":86},"8":{"name":"(anonymous_8)","decl":{"start":{"line":93,"column":21},"end":{"line":93,"column":22}},"loc":{"start":{"line":93,"column":41},"end":{"line":95,"column":5}},"line":93},"9":{"name":"(anonymous_9)","decl":{"start":{"line":96,"column":17},"end":{"line":96,"column":18}},"loc":{"start":{"line":96,"column":33},"end":{"line":100,"column":98}},"line":96},"10":{"name":"render","decl":{"start":{"line":100,"column":195},"end":{"line":100,"column":201}},"loc":{"start":{"line":103,"column":4},"end":{"line":127,"column":5}},"line":103},"11":{"name":"ref","decl":{"start":{"line":108,"column":24},"end":{"line":108,"column":27}},"loc":{"start":{"line":108,"column":35},"end":{"line":108,"column":68}},"line":108},"12":{"name":"getItemLayout","decl":{"start":{"line":118,"column":34},"end":{"line":118,"column":47}},"loc":{"start":{"line":118,"column":61},"end":{"line":120,"column":11}},"line":118}},"branchMap":{"0":{"loc":{"start":{"line":15,"column":0},"end":{"line":18,"column":32}},"type":"binary-expr","locations":[{"start":{"line":15,"column":0},"end":{"line":15,"column":34}},{"start":{"line":16,"column":0},"end":{"line":16,"column":28}},{"start":{"line":17,"column":0},"end":{"line":17,"column":29}},{"start":{"line":18,"column":0},"end":{"line":18,"column":14}},{"start":{"line":18,"column":18},"end":{"line":18,"column":31}}],"line":15},"1":{"loc":{"start":{"line":20,"column":19},"end":{"line":20,"column":91}},"type":"binary-expr","locations":[{"start":{"line":20,"column":19},"end":{"line":20,"column":49}},{"start":{"line":20,"column":53},"end":{"line":20,"column":91}}],"line":20},"2":{"loc":{"start":{"line":75,"column":8},"end":{"line":75,"column":65}},"type":"cond-expr","locations":[{"start":{"line":75,"column":23},"end":{"line":75,"column":61}},{"start":{"line":75,"column":64},"end":{"line":75,"column":65}}],"line":75},"3":{"loc":{"start":{"line":80,"column":6},"end":{"line":82,"column":7}},"type":"if","locations":[{"start":{"line":80,"column":6},"end":{"line":82,"column":7}},{"start":{"line":80,"column":6},"end":{"line":82,"column":7}}],"line":80}},"s":{"0":1,"1":1,"2":1,"3":1,"4":1,"5":1,"6":1,"7":1,"8":1,"9":1,"10":1,"11":1,"12":1,"13":1,"14":1,"15":1,"16":1,"17":1,"18":1,"19":0,"20":0,"21":1,"22":1,"23":0,"24":0,"25":0,"26":0,"27":0,"28":0,"29":0,"30":0,"31":0,"32":0,"33":0,"34":0,"35":0,"36":0,"37":0,"38":0,"39":0,"40":0,"41":0,"42":0,"43":0,"44":0,"45":0,"46":0,"47":0,"48":0,"49":0,"50":1,"51":0,"52":0,"53":0,"54":0,"55":0,"56":0,"57":0,"58":1,"59":1,"60":1},"f":{"0":0,"1":0,"2":1,"3":0,"4":0,"5":0,"6":0,"7":0,"8":0,"9":0,"10":0,"11":0,"12":0},"b":{"0":[1,1,1,1,1],"1":[1,0],"2":[0,0],"3":[0,0]},"_coverageSchema":"43e27e138ebf9cfc5966b082cf9a028302ed4184","hash":"7afb731deece4e91a0eae718fc466658c44c4c55"}
,"/Users/mozartted/Projects/Work/Legobox/cryptoDeck/src/modules/dashboard/views/layouts/dashboard.js": {"path":"/Users/mozartted/Projects/Work/Legobox/cryptoDeck/src/modules/dashboard/views/layouts/dashboard.js","statementMap":{"0":{"start":{"line":1,"column":42},"end":{"line":1,"column":97}},"1":{"start":{"line":1,"column":128},"end":{"line":1,"column":184}},"2":{"start":{"line":1,"column":185},"end":{"line":1,"column":247}},"3":{"start":{"line":1,"column":247},"end":{"line":1,"column":275}},"4":{"start":{"line":1,"column":297},"end":{"line":1,"column":368}},"5":{"start":{"line":1,"column":382},"end":{"line":1,"column":423}},"6":{"start":{"line":2,"column":19},"end":{"line":2,"column":42}},"7":{"start":{"line":3,"column":13},"end":{"line":3,"column":41}},"8":{"start":{"line":4,"column":26},"end":{"line":4,"column":81}},"9":{"start":{"line":5,"column":18},"end":{"line":5,"column":77}},"10":{"start":{"line":6,"column":37},"end":{"line":6,"column":104}},"11":{"start":{"line":7,"column":18},"end":{"line":7,"column":40}},"12":{"start":{"line":25,"column":33},"end":{"line":25,"column":72}},"13":{"start":{"line":25,"column":92},"end":{"line":25,"column":192}},"14":{"start":{"line":29,"column":2},"end":{"line":29,"column":25}},"15":{"start":{"line":29,"column":39},"end":{"line":29,"column":81}},"16":{"start":{"line":29,"column":90},"end":{"line":29,"column":103}},"17":{"start":{"line":29,"column":118},"end":{"line":29,"column":131}},"18":{"start":{"line":30,"column":2},"end":{"line":30,"column":26}},"19":{"start":{"line":30,"column":40},"end":{"line":30,"column":83}},"20":{"start":{"line":30,"column":100},"end":{"line":30,"column":113}},"21":{"start":{"line":30,"column":136},"end":{"line":30,"column":149}},"22":{"start":{"line":31,"column":2},"end":{"line":31,"column":29}},"23":{"start":{"line":31,"column":43},"end":{"line":31,"column":86}},"24":{"start":{"line":31,"column":102},"end":{"line":31,"column":115}},"25":{"start":{"line":31,"column":137},"end":{"line":31,"column":150}},"26":{"start":{"line":32,"column":2},"end":{"line":32,"column":28}},"27":{"start":{"line":32,"column":42},"end":{"line":32,"column":85}},"28":{"start":{"line":32,"column":104},"end":{"line":32,"column":117}},"29":{"start":{"line":32,"column":142},"end":{"line":32,"column":155}},"30":{"start":{"line":34,"column":2},"end":{"line":39,"column":9}},"31":{"start":{"line":35,"column":4},"end":{"line":38,"column":7}},"32":{"start":{"line":36,"column":26},"end":{"line":36,"column":42}},"33":{"start":{"line":37,"column":6},"end":{"line":37,"column":41}},"34":{"start":{"line":41,"column":15},"end":{"line":59,"column":3}},"35":{"start":{"line":41,"column":49},"end":{"line":41,"column":58}},"36":{"start":{"line":41,"column":65},"end":{"line":41,"column":73}},"37":{"start":{"line":42,"column":4},"end":{"line":55,"column":51}},"38":{"start":{"line":42,"column":107},"end":{"line":42,"column":134}},"39":{"start":{"line":61,"column":23},"end":{"line":78,"column":3}},"40":{"start":{"line":62,"column":4},"end":{"line":75,"column":11}},"41":{"start":{"line":65,"column":8},"end":{"line":71,"column":155}},"42":{"start":{"line":80,"column":22},"end":{"line":83,"column":3}},"43":{"start":{"line":81,"column":4},"end":{"line":81,"column":29}},"44":{"start":{"line":82,"column":4},"end":{"line":82,"column":36}},"45":{"start":{"line":85,"column":2},"end":{"line":200,"column":48}},"46":{"start":{"line":93,"column":8},"end":{"line":93,"column":59}},"47":{"start":{"line":101,"column":8},"end":{"line":101,"column":36}},"48":{"start":{"line":102,"column":8},"end":{"line":102,"column":34}},"49":{"start":{"line":151,"column":6},"end":{"line":156,"column":179}},"50":{"start":{"line":179,"column":110},"end":{"line":179,"column":137}},"51":{"start":{"line":190,"column":56},"end":{"line":190,"column":84}},"52":{"start":{"line":207,"column":13},"end":{"line":224,"column":26}}},"fnMap":{"0":{"name":"Dashboard","decl":{"start":{"line":27,"column":9},"end":{"line":27,"column":18}},"loc":{"start":{"line":27,"column":26},"end":{"line":205,"column":1}},"line":27},"1":{"name":"(anonymous_1)","decl":{"start":{"line":34,"column":24},"end":{"line":34,"column":25}},"loc":{"start":{"line":34,"column":36},"end":{"line":39,"column":3}},"line":34},"2":{"name":"(anonymous_2)","decl":{"start":{"line":35,"column":32},"end":{"line":35,"column":33}},"loc":{"start":{"line":35,"column":48},"end":{"line":38,"column":5}},"line":35},"3":{"name":"tokens","decl":{"start":{"line":41,"column":24},"end":{"line":41,"column":30}},"loc":{"start":{"line":41,"column":37},"end":{"line":59,"column":3}},"line":41},"4":{"name":"onPress","decl":{"start":{"line":42,"column":96},"end":{"line":42,"column":103}},"loc":{"start":{"line":42,"column":106},"end":{"line":42,"column":135}},"line":42},"5":{"name":"loadingShimmer","decl":{"start":{"line":61,"column":32},"end":{"line":61,"column":46}},"loc":{"start":{"line":61,"column":49},"end":{"line":78,"column":3}},"line":61},"6":{"name":"(anonymous_6)","decl":{"start":{"line":64,"column":32},"end":{"line":64,"column":33}},"loc":{"start":{"line":64,"column":48},"end":{"line":75,"column":7}},"line":64},"7":{"name":"selectedToken","decl":{"start":{"line":80,"column":31},"end":{"line":80,"column":44}},"loc":{"start":{"line":80,"column":55},"end":{"line":83,"column":3}},"line":80},"8":{"name":"onRequestClose","decl":{"start":{"line":92,"column":31},"end":{"line":92,"column":45}},"loc":{"start":{"line":92,"column":48},"end":{"line":94,"column":7}},"line":92},"9":{"name":"onPress","decl":{"start":{"line":100,"column":98},"end":{"line":100,"column":105}},"loc":{"start":{"line":100,"column":108},"end":{"line":103,"column":7}},"line":100},"10":{"name":"(anonymous_10)","decl":{"start":{"line":150,"column":43},"end":{"line":150,"column":44}},"loc":{"start":{"line":150,"column":65},"end":{"line":159,"column":5}},"line":150},"11":{"name":"select","decl":{"start":{"line":179,"column":96},"end":{"line":179,"column":102}},"loc":{"start":{"line":179,"column":109},"end":{"line":179,"column":138}},"line":179},"12":{"name":"keyExtractor","decl":{"start":{"line":190,"column":29},"end":{"line":190,"column":41}},"loc":{"start":{"line":190,"column":55},"end":{"line":190,"column":85}},"line":190}},"branchMap":{"0":{"loc":{"start":{"line":96,"column":4},"end":{"line":160,"column":8}},"type":"cond-expr","locations":[{"start":{"line":97,"column":4},"end":{"line":159,"column":7}},{"start":{"line":160,"column":4},"end":{"line":160,"column":8}}],"line":96},"1":{"loc":{"start":{"line":179,"column":4},"end":{"line":179,"column":218}},"type":"cond-expr","locations":[{"start":{"line":179,"column":20},"end":{"line":179,"column":24}},{"start":{"line":179,"column":27},"end":{"line":179,"column":218}}],"line":179},"2":{"loc":{"start":{"line":200,"column":4},"end":{"line":200,"column":43}},"type":"cond-expr","locations":[{"start":{"line":200,"column":20},"end":{"line":200,"column":36}},{"start":{"line":200,"column":39},"end":{"line":200,"column":43}}],"line":200}},"s":{"0":1,"1":1,"2":1,"3":1,"4":1,"5":1,"6":1,"7":1,"8":1,"9":1,"10":1,"11":1,"12":1,"13":1,"14":1,"15":1,"16":1,"17":1,"18":1,"19":1,"20":1,"21":1,"22":1,"23":1,"24":1,"25":1,"26":1,"27":1,"28":1,"29":1,"30":1,"31":0,"32":0,"33":0,"34":1,"35":0,"36":0,"37":0,"38":0,"39":1,"40":0,"41":0,"42":1,"43":0,"44":0,"45":1,"46":0,"47":0,"48":0,"49":0,"50":0,"51":0,"52":1},"f":{"0":1,"1":0,"2":0,"3":0,"4":0,"5":0,"6":0,"7":0,"8":0,"9":0,"10":0,"11":0,"12":0},"b":{"0":[0,1],"1":[0,1],"2":[0,1]},"_coverageSchema":"43e27e138ebf9cfc5966b082cf9a028302ed4184","hash":"1617808d2a5e7219f4713e8d88e3bc4ee4da3c68"}
,"/Users/mozartted/Projects/Work/Legobox/cryptoDeck/src/modules/onboarding/views/assets/Onboard1.svg": {"path":"/Users/mozartted/Projects/Work/Legobox/cryptoDeck/src/modules/onboarding/views/assets/Onboard1.svg","statementMap":{"0":{"start":{"line":1,"column":0},"end":{"line":4,"column":6}}},"fnMap":{},"branchMap":{},"s":{"0":1},"f":{},"b":{},"_coverageSchema":"43e27e138ebf9cfc5966b082cf9a028302ed4184","hash":"4b8fbec6a1b61ba24011903e3eeab478ce4fcca0"}
,"/Users/mozartted/Projects/Work/Legobox/cryptoDeck/src/modules/onboarding/views/assets/Onboard2.svg": {"path":"/Users/mozartted/Projects/Work/Legobox/cryptoDeck/src/modules/onboarding/views/assets/Onboard2.svg","statementMap":{"0":{"start":{"line":1,"column":0},"end":{"line":4,"column":6}}},"fnMap":{},"branchMap":{},"s":{"0":1},"f":{},"b":{},"_coverageSchema":"43e27e138ebf9cfc5966b082cf9a028302ed4184","hash":"233b0401ca8a7860860c30f76843d76c829ac3a2"}
,"/Users/mozartted/Projects/Work/Legobox/cryptoDeck/src/modules/onboarding/views/layouts/onboarding.js": {"path":"/Users/mozartted/Projects/Work/Legobox/cryptoDeck/src/modules/onboarding/views/layouts/onboarding.js","statementMap":{"0":{"start":{"line":1,"column":42},"end":{"line":1,"column":97}},"1":{"start":{"line":1,"column":128},"end":{"line":1,"column":184}},"2":{"start":{"line":1,"column":185},"end":{"line":1,"column":247}},"3":{"start":{"line":1,"column":247},"end":{"line":1,"column":272}},"4":{"start":{"line":1,"column":295},"end":{"line":1,"column":367}},"5":{"start":{"line":1,"column":388},"end":{"line":1,"column":457}},"6":{"start":{"line":1,"column":492},"end":{"line":1,"column":575}},"7":{"start":{"line":1,"column":599},"end":{"line":1,"column":671}},"8":{"start":{"line":1,"column":702},"end":{"line":1,"column":781}},"9":{"start":{"line":1,"column":799},"end":{"line":1,"column":865}},"10":{"start":{"line":1,"column":882},"end":{"line":1,"column":947}},"11":{"start":{"line":1,"column":961},"end":{"line":1,"column":1002}},"12":{"start":{"line":2,"column":19},"end":{"line":2,"column":42}},"13":{"start":{"line":8,"column":18},"end":{"line":8,"column":40}},"14":{"start":{"line":9,"column":33},"end":{"line":9,"column":97}},"15":{"start":{"line":11,"column":15},"end":{"line":11,"column":72}},"16":{"start":{"line":12,"column":16},"end":{"line":12,"column":73}},"17":{"start":{"line":12,"column":93},"end":{"line":12,"column":195}},"18":{"start":{"line":14,"column":13},"end":{"line":19,"column":22}},"19":{"start":{"line":23,"column":13},"end":{"line":28,"column":20}},"20":{"start":{"line":32,"column":13},"end":{"line":96,"column":28}},"21":{"start":{"line":49,"column":32},"end":{"line":49,"column":220}},"22":{"start":{"line":59,"column":32},"end":{"line":59,"column":227}},"23":{"start":{"line":93,"column":32},"end":{"line":93,"column":227}},"24":{"start":{"line":100,"column":22},"end":{"line":168,"column":56}},"25":{"start":{"line":100,"column":45},"end":{"line":100,"column":102}},"26":{"start":{"line":101,"column":49},"end":{"line":101,"column":106}},"27":{"start":{"line":102,"column":4},"end":{"line":102,"column":129}},"28":{"start":{"line":103,"column":4},"end":{"line":103,"column":84}},"29":{"start":{"line":104,"column":4},"end":{"line":104,"column":92}},"30":{"start":{"line":105,"column":4},"end":{"line":105,"column":104}},"31":{"start":{"line":106,"column":4},"end":{"line":106,"column":104}},"32":{"start":{"line":106,"column":104},"end":{"line":106,"column":117}},"33":{"start":{"line":107,"column":3},"end":{"line":168,"column":10}},"34":{"start":{"line":109,"column":6},"end":{"line":109,"column":50}},"35":{"start":{"line":113,"column":6},"end":{"line":126,"column":164}},"36":{"start":{"line":133,"column":6},"end":{"line":135,"column":227}},"37":{"start":{"line":141,"column":6},"end":{"line":143,"column":227}},"38":{"start":{"line":149,"column":6},"end":{"line":151,"column":226}},"39":{"start":{"line":157,"column":6},"end":{"line":165,"column":90}},"40":{"start":{"line":168,"column":10},"end":{"line":168,"column":37}},"41":{"start":{"line":171,"column":0},"end":{"line":171,"column":19}},"42":{"start":{"line":171,"column":20},"end":{"line":171,"column":47}}},"fnMap":{"0":{"name":"image","decl":{"start":{"line":49,"column":18},"end":{"line":49,"column":23}},"loc":{"start":{"line":49,"column":31},"end":{"line":49,"column":221}},"line":49},"1":{"name":"image","decl":{"start":{"line":59,"column":18},"end":{"line":59,"column":23}},"loc":{"start":{"line":59,"column":31},"end":{"line":59,"column":228}},"line":59},"2":{"name":"image","decl":{"start":{"line":93,"column":18},"end":{"line":93,"column":23}},"loc":{"start":{"line":93,"column":31},"end":{"line":93,"column":228}},"line":93},"3":{"name":"(anonymous_3)","decl":{"start":{"line":100,"column":22},"end":{"line":100,"column":23}},"loc":{"start":{"line":100,"column":44},"end":{"line":168,"column":38}},"line":100},"4":{"name":"OnboardingComponent","decl":{"start":{"line":101,"column":11},"end":{"line":101,"column":30}},"loc":{"start":{"line":101,"column":38},"end":{"line":107,"column":3}},"line":101},"5":{"name":"_onDone","decl":{"start":{"line":107,"column":86},"end":{"line":107,"column":93}},"loc":{"start":{"line":108,"column":4},"end":{"line":110,"column":5}},"line":108},"6":{"name":"_renderItem","decl":{"start":{"line":110,"column":47},"end":{"line":110,"column":58}},"loc":{"start":{"line":112,"column":11},"end":{"line":130,"column":5}},"line":112},"7":{"name":"_renderDoneButton","decl":{"start":{"line":130,"column":53},"end":{"line":130,"column":70}},"loc":{"start":{"line":132,"column":4},"end":{"line":138,"column":5}},"line":132},"8":{"name":"_renderNextButton","decl":{"start":{"line":138,"column":53},"end":{"line":138,"column":70}},"loc":{"start":{"line":140,"column":4},"end":{"line":146,"column":5}},"line":140},"9":{"name":"_renderPrevButton","decl":{"start":{"line":146,"column":53},"end":{"line":146,"column":70}},"loc":{"start":{"line":148,"column":4},"end":{"line":154,"column":5}},"line":148},"10":{"name":"render","decl":{"start":{"line":154,"column":42},"end":{"line":154,"column":48}},"loc":{"start":{"line":156,"column":4},"end":{"line":168,"column":5}},"line":156}},"branchMap":{},"s":{"0":1,"1":1,"2":1,"3":1,"4":1,"5":1,"6":1,"7":1,"8":1,"9":1,"10":1,"11":1,"12":1,"13":1,"14":1,"15":1,"16":1,"17":1,"18":1,"19":1,"20":1,"21":0,"22":0,"23":0,"24":1,"25":1,"26":1,"27":1,"28":1,"29":1,"30":1,"31":1,"32":1,"33":1,"34":0,"35":0,"36":0,"37":0,"38":0,"39":1,"40":1,"41":1,"42":1},"f":{"0":0,"1":0,"2":0,"3":1,"4":1,"5":0,"6":0,"7":0,"8":0,"9":0,"10":1},"b":{},"_coverageSchema":"43e27e138ebf9cfc5966b082cf9a028302ed4184","hash":"d2e4733f6c6b60d142bf3ed623369ec65af6a4b5"}
,"/Users/mozartted/Projects/Work/Legobox/cryptoDeck/src/utils/index.js": {"path":"/Users/mozartted/Projects/Work/Legobox/cryptoDeck/src/utils/index.js","statementMap":{"0":{"start":{"line":1,"column":42},"end":{"line":1,"column":97}},"1":{"start":{"line":1,"column":98},"end":{"line":1,"column":160}},"2":{"start":{"line":1,"column":160},"end":{"line":1,"column":231}},"3":{"start":{"line":1,"column":254},"end":{"line":1,"column":326}},"4":{"start":{"line":1,"column":340},"end":{"line":1,"column":380}},"5":{"start":{"line":2,"column":11},"end":{"line":2,"column":31}},"6":{"start":{"line":2,"column":85},"end":{"line":2,"column":104}},"7":{"start":{"line":2,"column":105},"end":{"line":2,"column":350}},"8":{"start":{"line":2,"column":154},"end":{"line":2,"column":190}},"9":{"start":{"line":2,"column":191},"end":{"line":2,"column":318}},"10":{"start":{"line":2,"column":211},"end":{"line":2,"column":318}},"11":{"start":{"line":2,"column":252},"end":{"line":2,"column":315}},"12":{"start":{"line":2,"column":318},"end":{"line":2,"column":349}},"13":{"start":{"line":2,"column":350},"end":{"line":2,"column":362}},"14":{"start":{"line":2,"column":395},"end":{"line":2,"column":864}},"15":{"start":{"line":2,"column":408},"end":{"line":2,"column":409}},"16":{"start":{"line":2,"column":452},"end":{"line":2,"column":492}},"17":{"start":{"line":2,"column":493},"end":{"line":2,"column":863}},"18":{"start":{"line":2,"column":505},"end":{"line":2,"column":610}},"19":{"start":{"line":2,"column":551},"end":{"line":2,"column":607}},"20":{"start":{"line":2,"column":617},"end":{"line":2,"column":863}},"21":{"start":{"line":2,"column":656},"end":{"line":2,"column":730}},"22":{"start":{"line":2,"column":738},"end":{"line":2,"column":862}},"23":{"start":{"line":2,"column":778},"end":{"line":2,"column":859}},"24":{"start":{"line":2,"column":864},"end":{"line":2,"column":878}},"25":{"start":{"line":5,"column":23},"end":{"line":8,"column":42}},"26":{"start":{"line":12,"column":19},"end":{"line":14,"column":1}},"27":{"start":{"line":13,"column":2},"end":{"line":13,"column":50}},"28":{"start":{"line":16,"column":21},"end":{"line":19,"column":1}},"29":{"start":{"line":18,"column":2},"end":{"line":18,"column":37}},"30":{"start":{"line":21,"column":24},"end":{"line":27,"column":1}},"31":{"start":{"line":23,"column":2},"end":{"line":25,"column":50}},"32":{"start":{"line":24,"column":23},"end":{"line":24,"column":55}},"33":{"start":{"line":25,"column":20},"end":{"line":25,"column":47}},"34":{"start":{"line":29,"column":17},"end":{"line":32,"column":1}},"35":{"start":{"line":30,"column":2},"end":{"line":30,"column":22}},"36":{"start":{"line":31,"column":2},"end":{"line":31,"column":26}},"37":{"start":{"line":32,"column":2},"end":{"line":32,"column":34}},"38":{"start":{"line":35,"column":16},"end":{"line":48,"column":1}},"39":{"start":{"line":36,"column":12},"end":{"line":36,"column":14}},"40":{"start":{"line":38,"column":2},"end":{"line":46,"column":3}},"41":{"start":{"line":39,"column":4},"end":{"line":45,"column":5}},"42":{"start":{"line":40,"column":14},"end":{"line":40,"column":49}},"43":{"start":{"line":41,"column":10},"end":{"line":41,"column":16}},"44":{"start":{"line":42,"column":6},"end":{"line":44,"column":59}},"45":{"start":{"line":47,"column":2},"end":{"line":47,"column":23}},"46":{"start":{"line":48,"column":2},"end":{"line":48,"column":32}},"47":{"start":{"line":50,"column":19},"end":{"line":54,"column":1}},"48":{"start":{"line":51,"column":2},"end":{"line":53,"column":16}},"49":{"start":{"line":54,"column":2},"end":{"line":54,"column":38}}},"fnMap":{"0":{"name":"ownKeys","decl":{"start":{"line":2,"column":41},"end":{"line":2,"column":48}},"loc":{"start":{"line":2,"column":73},"end":{"line":2,"column":363}},"line":2},"1":{"name":"(anonymous_1)","decl":{"start":{"line":2,"column":236},"end":{"line":2,"column":237}},"loc":{"start":{"line":2,"column":251},"end":{"line":2,"column":316}},"line":2},"2":{"name":"_objectSpread","decl":{"start":{"line":2,"column":372},"end":{"line":2,"column":385}},"loc":{"start":{"line":2,"column":394},"end":{"line":2,"column":879}},"line":2},"3":{"name":"(anonymous_3)","decl":{"start":{"line":2,"column":535},"end":{"line":2,"column":536}},"loc":{"start":{"line":2,"column":550},"end":{"line":2,"column":608}},"line":2},"4":{"name":"(anonymous_4)","decl":{"start":{"line":2,"column":762},"end":{"line":2,"column":763}},"loc":{"start":{"line":2,"column":777},"end":{"line":2,"column":860}},"line":2},"5":{"name":"errorHandler","decl":{"start":{"line":12,"column":28},"end":{"line":12,"column":40}},"loc":{"start":{"line":12,"column":48},"end":{"line":14,"column":1}},"line":12},"6":{"name":"successHandler","decl":{"start":{"line":16,"column":30},"end":{"line":16,"column":44}},"loc":{"start":{"line":16,"column":55},"end":{"line":19,"column":1}},"line":16},"7":{"name":"setupInterceptors","decl":{"start":{"line":21,"column":33},"end":{"line":21,"column":50}},"loc":{"start":{"line":21,"column":53},"end":{"line":27,"column":1}},"line":21},"8":{"name":"(anonymous_8)","decl":{"start":{"line":24,"column":2},"end":{"line":24,"column":3}},"loc":{"start":{"line":24,"column":22},"end":{"line":24,"column":56}},"line":24},"9":{"name":"(anonymous_9)","decl":{"start":{"line":25,"column":2},"end":{"line":25,"column":3}},"loc":{"start":{"line":25,"column":19},"end":{"line":25,"column":48}},"line":25},"10":{"name":"CoinClient","decl":{"start":{"line":29,"column":26},"end":{"line":29,"column":36}},"loc":{"start":{"line":29,"column":39},"end":{"line":32,"column":1}},"line":29},"11":{"name":"serialize","decl":{"start":{"line":35,"column":25},"end":{"line":35,"column":34}},"loc":{"start":{"line":35,"column":48},"end":{"line":48,"column":1}},"line":35},"12":{"name":"formatNumber","decl":{"start":{"line":50,"column":28},"end":{"line":50,"column":40}},"loc":{"start":{"line":50,"column":48},"end":{"line":54,"column":1}},"line":50}},"branchMap":{"0":{"loc":{"start":{"line":2,"column":105},"end":{"line":2,"column":350}},"type":"if","locations":[{"start":{"line":2,"column":105},"end":{"line":2,"column":350}},{"start":{"line":2,"column":105},"end":{"line":2,"column":350}}],"line":2},"1":{"loc":{"start":{"line":2,"column":191},"end":{"line":2,"column":318}},"type":"if","locations":[{"start":{"line":2,"column":191},"end":{"line":2,"column":318}},{"start":{"line":2,"column":191},"end":{"line":2,"column":318}}],"line":2},"2":{"loc":{"start":{"line":2,"column":452},"end":{"line":2,"column":492}},"type":"cond-expr","locations":[{"start":{"line":2,"column":475},"end":{"line":2,"column":487}},{"start":{"line":2,"column":490},"end":{"line":2,"column":492}}],"line":2},"3":{"loc":{"start":{"line":2,"column":493},"end":{"line":2,"column":863}},"type":"if","locations":[{"start":{"line":2,"column":493},"end":{"line":2,"column":863}},{"start":{"line":2,"column":493},"end":{"line":2,"column":863}}],"line":2},"4":{"loc":{"start":{"line":2,"column":617},"end":{"line":2,"column":863}},"type":"if","locations":[{"start":{"line":2,"column":617},"end":{"line":2,"column":863}},{"start":{"line":2,"column":617},"end":{"line":2,"column":863}}],"line":2},"5":{"loc":{"start":{"line":39,"column":4},"end":{"line":45,"column":5}},"type":"if","locations":[{"start":{"line":39,"column":4},"end":{"line":45,"column":5}},{"start":{"line":39,"column":4},"end":{"line":45,"column":5}}],"line":39},"6":{"loc":{"start":{"line":40,"column":14},"end":{"line":40,"column":49}},"type":"cond-expr","locations":[{"start":{"line":40,"column":23},"end":{"line":40,"column":45}},{"start":{"line":40,"column":48},"end":{"line":40,"column":49}}],"line":40},"7":{"loc":{"start":{"line":42,"column":15},"end":{"line":44,"column":57}},"type":"cond-expr","locations":[{"start":{"line":43,"column":6},"end":{"line":43,"column":21}},{"start":{"line":44,"column":6},"end":{"line":44,"column":57}}],"line":42},"8":{"loc":{"start":{"line":42,"column":15},"end":{"line":42,"column":50}},"type":"binary-expr","locations":[{"start":{"line":42,"column":15},"end":{"line":42,"column":25}},{"start":{"line":42,"column":29},"end":{"line":42,"column":50}}],"line":42}},"s":{"0":1,"1":1,"2":1,"3":1,"4":1,"5":1,"6":0,"7":0,"8":0,"9":0,"10":0,"11":0,"12":0,"13":0,"14":0,"15":0,"16":0,"17":0,"18":0,"19":0,"20":0,"21":0,"22":0,"23":0,"24":0,"25":1,"26":1,"27":0,"28":1,"29":0,"30":1,"31":0,"32":0,"33":0,"34":1,"35":0,"36":0,"37":1,"38":1,"39":0,"40":0,"41":0,"42":0,"43":0,"44":0,"45":0,"46":1,"47":1,"48":0,"49":1},"f":{"0":0,"1":0,"2":0,"3":0,"4":0,"5":0,"6":0,"7":0,"8":0,"9":0,"10":0,"11":0,"12":0},"b":{"0":[0,0],"1":[0,0],"2":[0,0],"3":[0,0],"4":[0,0],"5":[0,0],"6":[0,0],"7":[0,0],"8":[0,0]},"_coverageSchema":"43e27e138ebf9cfc5966b082cf9a028302ed4184","hash":"d1f25181bbcd4f73eaad88915a54cfa5c3ef0e30"}
}
