{"/Users/mozartted/Projects/Work/Legobox/cryptoDeck/src/modules/onboarding/views/assets/Onboard1.svg": {"path":"/Users/mozartted/Projects/Work/Legobox/cryptoDeck/src/modules/onboarding/views/assets/Onboard1.svg","statementMap":{"0":{"start":{"line":1,"column":0},"end":{"line":4,"column":6}}},"fnMap":{},"branchMap":{},"s":{"0":1},"f":{},"b":{},"_coverageSchema":"43e27e138ebf9cfc5966b082cf9a028302ed4184","hash":"4b8fbec6a1b61ba24011903e3eeab478ce4fcca0"}
,"/Users/mozartted/Projects/Work/Legobox/cryptoDeck/src/modules/onboarding/views/assets/Onboard2.svg": {"path":"/Users/mozartted/Projects/Work/Legobox/cryptoDeck/src/modules/onboarding/views/assets/Onboard2.svg","statementMap":{"0":{"start":{"line":1,"column":0},"end":{"line":4,"column":6}}},"fnMap":{},"branchMap":{},"s":{"0":1},"f":{},"b":{},"_coverageSchema":"43e27e138ebf9cfc5966b082cf9a028302ed4184","hash":"233b0401ca8a7860860c30f76843d76c829ac3a2"}
,"/Users/mozartted/Projects/Work/Legobox/cryptoDeck/src/modules/onboarding/views/layouts/onboarding.js": {"path":"/Users/mozartted/Projects/Work/Legobox/cryptoDeck/src/modules/onboarding/views/layouts/onboarding.js","statementMap":{"0":{"start":{"line":1,"column":42},"end":{"line":1,"column":97}},"1":{"start":{"line":1,"column":128},"end":{"line":1,"column":184}},"2":{"start":{"line":1,"column":185},"end":{"line":1,"column":247}},"3":{"start":{"line":1,"column":247},"end":{"line":1,"column":272}},"4":{"start":{"line":1,"column":295},"end":{"line":1,"column":367}},"5":{"start":{"line":1,"column":388},"end":{"line":1,"column":457}},"6":{"start":{"line":1,"column":492},"end":{"line":1,"column":575}},"7":{"start":{"line":1,"column":599},"end":{"line":1,"column":671}},"8":{"start":{"line":1,"column":702},"end":{"line":1,"column":781}},"9":{"start":{"line":1,"column":799},"end":{"line":1,"column":865}},"10":{"start":{"line":1,"column":882},"end":{"line":1,"column":947}},"11":{"start":{"line":1,"column":961},"end":{"line":1,"column":1002}},"12":{"start":{"line":2,"column":19},"end":{"line":2,"column":42}},"13":{"start":{"line":8,"column":18},"end":{"line":8,"column":40}},"14":{"start":{"line":9,"column":33},"end":{"line":9,"column":97}},"15":{"start":{"line":11,"column":15},"end":{"line":11,"column":72}},"16":{"start":{"line":12,"column":16},"end":{"line":12,"column":73}},"17":{"start":{"line":12,"column":93},"end":{"line":12,"column":195}},"18":{"start":{"line":14,"column":13},"end":{"line":19,"column":22}},"19":{"start":{"line":23,"column":13},"end":{"line":29,"column":20}},"20":{"start":{"line":33,"column":13},"end":{"line":93,"column":28}},"21":{"start":{"line":50,"column":32},"end":{"line":50,"column":220}},"22":{"start":{"line":59,"column":32},"end":{"line":59,"column":179}},"23":{"start":{"line":91,"column":32},"end":{"line":91,"column":180}},"24":{"start":{"line":97,"column":22},"end":{"line":165,"column":56}},"25":{"start":{"line":97,"column":45},"end":{"line":97,"column":102}},"26":{"start":{"line":98,"column":49},"end":{"line":98,"column":106}},"27":{"start":{"line":99,"column":4},"end":{"line":99,"column":129}},"28":{"start":{"line":100,"column":4},"end":{"line":100,"column":84}},"29":{"start":{"line":101,"column":4},"end":{"line":101,"column":92}},"30":{"start":{"line":102,"column":4},"end":{"line":102,"column":104}},"31":{"start":{"line":103,"column":4},"end":{"line":103,"column":104}},"32":{"start":{"line":103,"column":104},"end":{"line":103,"column":117}},"33":{"start":{"line":104,"column":3},"end":{"line":165,"column":10}},"34":{"start":{"line":106,"column":6},"end":{"line":106,"column":50}},"35":{"start":{"line":110,"column":6},"end":{"line":123,"column":164}},"36":{"start":{"line":130,"column":6},"end":{"line":132,"column":227}},"37":{"start":{"line":138,"column":6},"end":{"line":140,"column":227}},"38":{"start":{"line":146,"column":6},"end":{"line":148,"column":226}},"39":{"start":{"line":154,"column":6},"end":{"line":162,"column":90}},"40":{"start":{"line":165,"column":10},"end":{"line":165,"column":37}},"41":{"start":{"line":168,"column":0},"end":{"line":168,"column":19}},"42":{"start":{"line":168,"column":20},"end":{"line":168,"column":47}}},"fnMap":{"0":{"name":"image","decl":{"start":{"line":50,"column":18},"end":{"line":50,"column":23}},"loc":{"start":{"line":50,"column":31},"end":{"line":50,"column":221}},"line":50},"1":{"name":"image","decl":{"start":{"line":59,"column":18},"end":{"line":59,"column":23}},"loc":{"start":{"line":59,"column":31},"end":{"line":59,"column":180}},"line":59},"2":{"name":"image","decl":{"start":{"line":91,"column":18},"end":{"line":91,"column":23}},"loc":{"start":{"line":91,"column":31},"end":{"line":91,"column":181}},"line":91},"3":{"name":"(anonymous_3)","decl":{"start":{"line":97,"column":22},"end":{"line":97,"column":23}},"loc":{"start":{"line":97,"column":44},"end":{"line":165,"column":38}},"line":97},"4":{"name":"OnboardingComponent","decl":{"start":{"line":98,"column":11},"end":{"line":98,"column":30}},"loc":{"start":{"line":98,"column":38},"end":{"line":104,"column":3}},"line":98},"5":{"name":"_onDone","decl":{"start":{"line":104,"column":86},"end":{"line":104,"column":93}},"loc":{"start":{"line":105,"column":4},"end":{"line":107,"column":5}},"line":105},"6":{"name":"_renderItem","decl":{"start":{"line":107,"column":47},"end":{"line":107,"column":58}},"loc":{"start":{"line":109,"column":11},"end":{"line":127,"column":5}},"line":109},"7":{"name":"_renderDoneButton","decl":{"start":{"line":127,"column":53},"end":{"line":127,"column":70}},"loc":{"start":{"line":129,"column":4},"end":{"line":135,"column":5}},"line":129},"8":{"name":"_renderNextButton","decl":{"start":{"line":135,"column":53},"end":{"line":135,"column":70}},"loc":{"start":{"line":137,"column":4},"end":{"line":143,"column":5}},"line":137},"9":{"name":"_renderPrevButton","decl":{"start":{"line":143,"column":53},"end":{"line":143,"column":70}},"loc":{"start":{"line":145,"column":4},"end":{"line":151,"column":5}},"line":145},"10":{"name":"render","decl":{"start":{"line":151,"column":42},"end":{"line":151,"column":48}},"loc":{"start":{"line":153,"column":4},"end":{"line":165,"column":5}},"line":153}},"branchMap":{},"s":{"0":1,"1":1,"2":1,"3":1,"4":1,"5":1,"6":1,"7":1,"8":1,"9":1,"10":1,"11":1,"12":1,"13":1,"14":1,"15":1,"16":1,"17":1,"18":1,"19":1,"20":1,"21":0,"22":0,"23":0,"24":1,"25":1,"26":1,"27":1,"28":1,"29":1,"30":1,"31":1,"32":1,"33":1,"34":0,"35":0,"36":0,"37":0,"38":0,"39":1,"40":1,"41":1,"42":1},"f":{"0":0,"1":0,"2":0,"3":1,"4":1,"5":0,"6":0,"7":0,"8":0,"9":0,"10":1},"b":{},"_coverageSchema":"43e27e138ebf9cfc5966b082cf9a028302ed4184","hash":"46b907d39e9a7ff8d022e863783b01a204b8d974"}
}
