TN:
SF:/Users/mozartted/Projects/Work/Legobox/cryptoDeck/env.js
FNF:0
FNH:0
DA:1,1
DA:2,1
DA:3,1
LF:3
LH:3
BRF:0
BRH:0
end_of_record
TN:
SF:/Users/mozartted/Projects/Work/Legobox/cryptoDeck/src/modules/dashboard/views/components/CoinSlider.js
FN:23,SingleCoinComponent
FN:63,(anonymous_1)
FN:63,CoinSliderComponent
FN:70,(anonymous_3)
FN:72,(anonymous_4)
FN:75,(anonymous_5)
FN:84,(anonymous_6)
FN:91,(anonymous_7)
FN:94,(anonymous_8)
FN:96,render
FN:104,ref
FN:114,getItemLayout
FNF:12
FNH:1
FNDA:0,SingleCoinComponent
FNDA:1,(anonymous_1)
FNDA:0,CoinSliderComponent
FNDA:0,(anonymous_3)
FNDA:0,(anonymous_4)
FNDA:0,(anonymous_5)
FNDA:0,(anonymous_6)
FNDA:0,(anonymous_7)
FNDA:0,(anonymous_8)
FNDA:0,render
FNDA:0,ref
FNDA:0,getItemLayout
DA:1,1
DA:2,1
DA:11,1
DA:12,1
DA:15,1
DA:20,1
DA:23,1
DA:63,1
DA:67,0
DA:70,0
DA:72,0
DA:73,0
DA:76,0
DA:77,0
DA:78,0
DA:79,0
DA:81,0
DA:82,0
DA:85,0
DA:86,0
DA:89,0
DA:93,0
DA:94,0
DA:96,1
DA:99,0
DA:100,0
DA:101,0
DA:104,0
DA:115,0
DA:123,1
DA:126,1
LF:31
LH:11
BRDA:15,0,0,1
BRDA:15,0,1,1
BRDA:15,0,2,1
BRDA:15,0,3,1
BRDA:15,0,4,1
BRDA:20,1,0,1
BRDA:20,1,1,0
BRDA:73,2,0,0
BRDA:73,2,1,0
BRDA:78,3,0,0
BRDA:78,3,1,0
BRF:11
BRH:6
end_of_record
TN:
SF:/Users/mozartted/Projects/Work/Legobox/cryptoDeck/src/modules/dashboard/views/layouts/dashboard.js
FN:27,Dashboard
FN:34,(anonymous_1)
FN:35,(anonymous_2)
FN:41,tokens
FN:42,onPress
FN:64,loadingShimmer
FN:67,(anonymous_6)
FN:87,onRequestClose
FN:95,onPress
FN:149,keyExtractor
FN:153,onEndReached
FNF:11
FNH:1
FNDA:1,Dashboard
FNDA:0,(anonymous_1)
FNDA:0,(anonymous_2)
FNDA:0,tokens
FNDA:0,onPress
FNDA:0,loadingShimmer
FNDA:0,(anonymous_6)
FNDA:0,onRequestClose
FNDA:0,onPress
FNDA:0,keyExtractor
FNDA:0,onEndReached
DA:1,1
DA:2,1
DA:3,1
DA:4,1
DA:5,1
DA:6,1
DA:7,1
DA:25,1
DA:29,1
DA:30,1
DA:31,1
DA:32,1
DA:34,1
DA:35,0
DA:36,0
DA:37,0
DA:41,1
DA:42,0
DA:43,0
DA:44,0
DA:64,1
DA:65,0
DA:68,0
DA:80,1
DA:88,0
DA:96,0
DA:97,0
DA:149,0
DA:154,0
DA:155,0
DA:166,1
LF:31
LH:17
BRDA:91,0,0,0
BRDA:91,0,1,1
BRDA:138,1,0,0
BRDA:138,1,1,1
BRDA:159,2,0,0
BRDA:159,2,1,0
BRF:6
BRH:2
end_of_record
TN:
SF:/Users/mozartted/Projects/Work/Legobox/cryptoDeck/src/utils/index.js
FN:2,ownKeys
FN:2,(anonymous_1)
FN:2,_objectSpread
FN:2,(anonymous_3)
FN:2,(anonymous_4)
FN:12,errorHandler
FN:16,successHandler
FN:21,setupInterceptors
FN:24,(anonymous_8)
FN:25,(anonymous_9)
FN:29,CoinClient
FN:35,serialize
FN:50,formatNumber
FNF:13
FNH:0
FNDA:0,ownKeys
FNDA:0,(anonymous_1)
FNDA:0,_objectSpread
FNDA:0,(anonymous_3)
FNDA:0,(anonymous_4)
FNDA:0,errorHandler
FNDA:0,successHandler
FNDA:0,setupInterceptors
FNDA:0,(anonymous_8)
FNDA:0,(anonymous_9)
FNDA:0,CoinClient
FNDA:0,serialize
FNDA:0,formatNumber
DA:1,1
DA:2,1
DA:5,1
DA:12,1
DA:13,0
DA:16,1
DA:18,0
DA:21,1
DA:23,0
DA:24,0
DA:25,0
DA:29,1
DA:30,0
DA:31,0
DA:32,1
DA:35,1
DA:36,0
DA:38,0
DA:39,0
DA:40,0
DA:41,0
DA:42,0
DA:47,0
DA:48,1
DA:50,1
DA:51,0
DA:54,1
LF:27
LH:12
BRDA:2,0,0,0
BRDA:2,0,1,0
BRDA:2,1,0,0
BRDA:2,1,1,0
BRDA:2,2,0,0
BRDA:2,2,1,0
BRDA:2,3,0,0
BRDA:2,3,1,0
BRDA:2,4,0,0
BRDA:2,4,1,0
BRDA:39,5,0,0
BRDA:39,5,1,0
BRDA:40,6,0,0
BRDA:40,6,1,0
BRDA:42,7,0,0
BRDA:42,7,1,0
BRDA:42,8,0,0
BRDA:42,8,1,0
BRF:18
BRH:0
end_of_record
