TN:
SF:/Users/mozartted/Projects/Work/Legobox/cryptoDeck/src/modules/onboarding/views/assets/Onboard1.svg
FNF:0
FNH:0
DA:1,1
LF:1
LH:1
BRF:0
BRH:0
end_of_record
TN:
SF:/Users/mozartted/Projects/Work/Legobox/cryptoDeck/src/modules/onboarding/views/assets/Onboard2.svg
FNF:0
FNH:0
DA:1,1
LF:1
LH:1
BRF:0
BRH:0
end_of_record
TN:
SF:/Users/mozartted/Projects/Work/Legobox/cryptoDeck/src/modules/onboarding/views/layouts/onboarding.js
FN:50,image
FN:59,image
FN:91,image
FN:97,(anonymous_3)
FN:98,OnboardingComponent
FN:104,_onDone
FN:107,_renderItem
FN:127,_renderDoneButton
FN:135,_renderNextButton
FN:143,_renderPrevButton
FN:151,render
FNF:11
FNH:3
FNDA:0,image
FNDA:0,image
FNDA:0,image
FNDA:1,(anonymous_3)
FNDA:1,OnboardingComponent
FNDA:0,_onDone
FNDA:0,_renderItem
FNDA:0,_renderDoneButton
FNDA:0,_renderNextButton
FNDA:0,_renderPrevButton
FNDA:1,render
DA:1,1
DA:2,1
DA:8,1
DA:9,1
DA:11,1
DA:12,1
DA:14,1
DA:23,1
DA:33,1
DA:50,0
DA:59,0
DA:91,0
DA:97,1
DA:98,1
DA:99,1
DA:100,1
DA:101,1
DA:102,1
DA:103,1
DA:104,1
DA:106,0
DA:110,0
DA:130,0
DA:138,0
DA:146,0
DA:154,1
DA:165,1
DA:168,1
LF:28
LH:20
BRF:0
BRH:0
end_of_record
